src\test\java\org\apache\commons\math3\ExtendedFieldElementAbstractTest.java:23: error: package org.junit does not exist
import org.junit.Assert;
                ^
src\test\java\org\apache\commons\math3\ExtendedFieldElementAbstractTest.java:24: error: package org.junit does not exist
import org.junit.Test;
                ^
src\test\java\org\apache\commons\math3\RetryRunner.java:20: error: package org.junit.runners does not exist
import org.junit.runners.BlockJUnit4ClassRunner;
                        ^
src\test\java\org\apache\commons\math3\RetryRunner.java:21: error: package org.junit.runners.model does not exist
import org.junit.runners.model.FrameworkMethod;
                              ^
src\test\java\org\apache\commons\math3\RetryRunner.java:22: error: package org.junit.runners.model does not exist
import org.junit.runners.model.InitializationError;
                              ^
src\test\java\org\apache\commons\math3\RetryRunner.java:23: error: package org.junit.runners.model does not exist
import org.junit.runners.model.Statement;
                              ^
src\test\java\org\apache\commons\math3\RetryRunner.java:29: error: cannot find symbol
public class RetryRunner extends BlockJUnit4ClassRunner {
                                 ^
  symbol: class BlockJUnit4ClassRunner
src\test\java\org\apache\commons\math3\RetryRunner.java:37: error: cannot find symbol
        throws InitializationError {
               ^
  symbol:   class InitializationError
  location: class RetryRunner
src\test\java\org\apache\commons\math3\RetryRunner.java:42: error: cannot find symbol
    public Statement methodInvoker(final FrameworkMethod method,
                                         ^
  symbol:   class FrameworkMethod
  location: class RetryRunner
src\test\java\org\apache\commons\math3\RetryRunner.java:42: error: cannot find symbol
    public Statement methodInvoker(final FrameworkMethod method,
           ^
  symbol:   class Statement
  location: class RetryRunner
src\test\java\org\apache\commons\math3\RetryRunnerTest.java:24: error: package org.junit does not exist
import org.junit.Test;
                ^
src\test\java\org\apache\commons\math3\RetryRunnerTest.java:25: error: package org.junit.runner does not exist
import org.junit.runner.RunWith;
                       ^
src\test\java\org\apache\commons\math3\RetryRunnerTest.java:30: error: cannot find symbol
@RunWith(RetryRunner.class)
 ^
  symbol: class RunWith
src\test\java\org\apache\commons\math3\TestUtils.java:37: error: package org.junit does not exist
import org.junit.Assert;
                ^
src\test\java\org\apache\commons\math3\analysis\FunctionUtilsTest.java:42: error: package org.junit does not exist
import org.junit.Assert;
                ^
src\test\java\org\apache\commons\math3\analysis\FunctionUtilsTest.java:43: error: package org.junit does not exist
import org.junit.Test;
                ^
src\test\java\org\apache\commons\math3\analysis\differentiation\DSCompilerTest.java:26: error: package org.junit does not exist
import org.junit.Assert;
                ^
src\test\java\org\apache\commons\math3\analysis\differentiation\DSCompilerTest.java:27: error: package org.junit does not exist
import org.junit.Test;
                ^
src\test\java\org\apache\commons\math3\analysis\differentiation\DerivativeStructureTest.java:32: error: package org.junit does not exist
import org.junit.Assert;
                ^
src\test\java\org\apache\commons\math3\analysis\differentiation\DerivativeStructureTest.java:33: error: package org.junit does not exist
import org.junit.Test;
                ^
src\test\java\org\apache\commons\math3\analysis\differentiation\FiniteDifferencesDifferentiatorTest.java:32: error: package org.junit does not exist
import org.junit.Assert;
                ^
src\test\java\org\apache\commons\math3\analysis\differentiation\FiniteDifferencesDifferentiatorTest.java:33: error: package org.junit does not exist
import org.junit.Test;
                ^
src\test\java\org\apache\commons\math3\analysis\differentiation\GradientFunctionTest.java:24: error: package org.junit does not exist
import org.junit.Test;
                ^
src\test\java\org\apache\commons\math3\analysis\differentiation\JacobianFunctionTest.java:20: error: package org.junit does not exist
import org.junit.Assert;
                ^
src\test\java\org\apache\commons\math3\analysis\differentiation\JacobianFunctionTest.java:24: error: package org.junit does not exist
import org.junit.Test;
                ^
src\test\java\org\apache\commons\math3\analysis\differentiation\SparseGradientTest.java:27: error: package org.junit does not exist
import org.junit.Assert;
                ^
src\test\java\org\apache\commons\math3\analysis\differentiation\SparseGradientTest.java:28: error: package org.junit does not exist
import org.junit.Test;
                ^
src\test\java\org\apache\commons\math3\analysis\function\GaussianTest.java:27: error: package org.junit does not exist
import org.junit.Assert;
                ^
src\test\java\org\apache\commons\math3\analysis\function\GaussianTest.java:28: error: package org.junit does not exist
import org.junit.Test;
                ^
src\test\java\org\apache\commons\math3\analysis\function\HarmonicOscillatorTest.java:26: error: package org.junit does not exist
import org.junit.Assert;
                ^
src\test\java\org\apache\commons\math3\analysis\function\HarmonicOscillatorTest.java:27: error: package org.junit does not exist
import org.junit.Test;
                ^
src\test\java\org\apache\commons\math3\analysis\function\LogisticTest.java:27: error: package org.junit does not exist
import org.junit.Assert;
                ^
src\test\java\org\apache\commons\math3\analysis\function\LogisticTest.java:28: error: package org.junit does not exist
import org.junit.Test;
                ^
src\test\java\org\apache\commons\math3\analysis\function\LogitTest.java:31: error: package org.junit does not exist
import org.junit.Assert;
                ^
src\test\java\org\apache\commons\math3\analysis\function\LogitTest.java:32: error: package org.junit does not exist
import org.junit.Test;
                ^
src\test\java\org\apache\commons\math3\analysis\function\SigmoidTest.java:25: error: package org.junit does not exist
import org.junit.Assert;
                ^
src\test\java\org\apache\commons\math3\analysis\function\SigmoidTest.java:26: error: package org.junit does not exist
import org.junit.Test;
                ^
src\test\java\org\apache\commons\math3\analysis\function\SincTest.java:25: error: package org.junit does not exist
import org.junit.Assert;
                ^
src\test\java\org\apache\commons\math3\analysis\function\SincTest.java:26: error: package org.junit does not exist
import org.junit.Test;
                ^
src\test\java\org\apache\commons\math3\analysis\function\SqrtTest.java:24: error: package org.junit does not exist
import org.junit.Test;
                ^
src\test\java\org\apache\commons\math3\analysis\function\SqrtTest.java:25: error: package org.junit does not exist
import org.junit.Assert;
                ^
src\test\java\org\apache\commons\math3\analysis\function\StepFunctionTest.java:26: error: package org.junit does not exist
import org.junit.Assert;
                ^
src\test\java\org\apache\commons\math3\analysis\function\StepFunctionTest.java:27: error: package org.junit does not exist
import org.junit.Test;
                ^
src\test\java\org\apache\commons\math3\analysis\integration\IterativeLegendreGaussIntegratorTest.java:28: error: package org.junit does not exist
import org.junit.Assert;
                ^
src\test\java\org\apache\commons\math3\analysis\integration\IterativeLegendreGaussIntegratorTest.java:29: error: package org.junit does not exist
import org.junit.Test;
                ^
src\test\java\org\apache\commons\math3\analysis\integration\LegendreGaussIntegratorTest.java:27: error: package org.junit does not exist
import org.junit.Assert;
                ^
src\test\java\org\apache\commons\math3\analysis\integration\LegendreGaussIntegratorTest.java:28: error: package org.junit does not exist
import org.junit.Test;
                ^
src\test\java\org\apache\commons\math3\analysis\integration\MidPointIntegratorTest.java:25: error: package org.junit does not exist
import org.junit.Assert;
                ^
src\test\java\org\apache\commons\math3\analysis\integration\MidPointIntegratorTest.java:26: error: package org.junit does not exist
import org.junit.Test;
                ^
src\test\java\org\apache\commons\math3\analysis\integration\RombergIntegratorTest.java:25: error: package org.junit does not exist
import org.junit.Assert;
                ^
src\test\java\org\apache\commons\math3\analysis\integration\RombergIntegratorTest.java:26: error: package org.junit does not exist
import org.junit.Test;
                ^
src\test\java\org\apache\commons\math3\analysis\integration\SimpsonIntegratorTest.java:25: error: package org.junit does not exist
import org.junit.Assert;
                ^
src\test\java\org\apache\commons\math3\analysis\integration\SimpsonIntegratorTest.java:26: error: package org.junit does not exist
import org.junit.Test;
                ^
src\test\java\org\apache\commons\math3\analysis\integration\TrapezoidIntegratorTest.java:25: error: package org.junit does not exist
import org.junit.Assert;
                ^
src\test\java\org\apache\commons\math3\analysis\integration\TrapezoidIntegratorTest.java:26: error: package org.junit does not exist
import org.junit.Test;
                ^
src\test\java\org\apache\commons\math3\analysis\integration\gauss\BaseRuleFactoryTest.java:29: error: package org.junit does not exist
import org.junit.Test;
                ^
src\test\java\org\apache\commons\math3\analysis\integration\gauss\BaseRuleFactoryTest.java:30: error: package org.junit does not exist
import org.junit.Assert;
                ^
src\test\java\org\apache\commons\math3\analysis\integration\gauss\GaussIntegratorTest.java:22: error: package org.junit does not exist
import org.junit.Test;
                ^
src\test\java\org\apache\commons\math3\analysis\integration\gauss\GaussIntegratorTest.java:23: error: package org.junit does not exist
import org.junit.Assert;
                ^
src\test\java\org\apache\commons\math3\analysis\integration\gauss\GaussianQuadratureAbstractTest.java:21: error: package org.junit does not exist
import org.junit.Test;
                ^
src\test\java\org\apache\commons\math3\analysis\integration\gauss\GaussianQuadratureAbstractTest.java:22: error: package org.junit does not exist
import org.junit.Assert;
                ^
src\test\java\org\apache\commons\math3\analysis\integration\gauss\HermiteParametricTest.java:22: error: package org.junit.runner does not exist
import org.junit.runner.RunWith;
                       ^
src\test\java\org\apache\commons\math3\analysis\integration\gauss\HermiteParametricTest.java:23: error: package org.junit.runners does not exist
import org.junit.runners.Parameterized;
                        ^
src\test\java\org\apache\commons\math3\analysis\integration\gauss\HermiteParametricTest.java:24: error: package org.junit.runners.Parameterized does not exist
import org.junit.runners.Parameterized.Parameters;
                                      ^
src\test\java\org\apache\commons\math3\analysis\integration\gauss\HermiteParametricTest.java:35: error: cannot find symbol
@RunWith(value=Parameterized.class)
 ^
  symbol: class RunWith
src\test\java\org\apache\commons\math3\analysis\integration\gauss\HermiteTest.java:21: error: package org.junit does not exist
import org.junit.Test;
                ^
src\test\java\org\apache\commons\math3\analysis\integration\gauss\HermiteTest.java:22: error: package org.junit does not exist
import org.junit.Assert;
                ^
src\test\java\org\apache\commons\math3\analysis\integration\gauss\LegendreHighPrecisionParametricTest.java:22: error: package org.junit.runner does not exist
import org.junit.runner.RunWith;
                       ^
src\test\java\org\apache\commons\math3\analysis\integration\gauss\LegendreHighPrecisionParametricTest.java:23: error: package org.junit.runners does not exist
import org.junit.runners.Parameterized;
                        ^
src\test\java\org\apache\commons\math3\analysis\integration\gauss\LegendreHighPrecisionParametricTest.java:24: error: package org.junit.runners.Parameterized does not exist
import org.junit.runners.Parameterized.Parameters;
                                      ^
src\test\java\org\apache\commons\math3\analysis\integration\gauss\LegendreHighPrecisionParametricTest.java:34: error: cannot find symbol
@RunWith(value=Parameterized.class)
 ^
  symbol: class RunWith
src\test\java\org\apache\commons\math3\analysis\integration\gauss\LegendreHighPrecisionTest.java:23: error: package org.junit does not exist
import org.junit.Test;
                ^
src\test\java\org\apache\commons\math3\analysis\integration\gauss\LegendreHighPrecisionTest.java:24: error: package org.junit does not exist
import org.junit.Assert;
                ^
src\test\java\org\apache\commons\math3\analysis\integration\gauss\LegendreParametricTest.java:22: error: package org.junit.runner does not exist
import org.junit.runner.RunWith;
                       ^
src\test\java\org\apache\commons\math3\analysis\integration\gauss\LegendreParametricTest.java:23: error: package org.junit.runners does not exist
import org.junit.runners.Parameterized;
                        ^
src\test\java\org\apache\commons\math3\analysis\integration\gauss\LegendreParametricTest.java:24: error: package org.junit.runners.Parameterized does not exist
import org.junit.runners.Parameterized.Parameters;
                                      ^
src\test\java\org\apache\commons\math3\analysis\integration\gauss\LegendreParametricTest.java:34: error: cannot find symbol
@RunWith(value=Parameterized.class)
 ^
  symbol: class RunWith
src\test\java\org\apache\commons\math3\analysis\integration\gauss\LegendreTest.java:23: error: package org.junit does not exist
import org.junit.Test;
                ^
src\test\java\org\apache\commons\math3\analysis\integration\gauss\LegendreTest.java:24: error: package org.junit does not exist
import org.junit.Assert;
                ^
src\test\java\org\apache\commons\math3\analysis\interpolation\AkimaSplineInterpolatorTest.java:29: error: package org.junit does not exist
import org.junit.Assert;
                ^
src\test\java\org\apache\commons\math3\analysis\interpolation\AkimaSplineInterpolatorTest.java:30: error: package org.junit does not exist
import org.junit.Test;
                ^
src\test\java\org\apache\commons\math3\analysis\interpolation\AkimaSplineInterpolatorTest.java:32: error: package org.junit does not exist
import static org.junit.Assert.*;
                       ^
src\test\java\org\apache\commons\math3\analysis\interpolation\BicubicInterpolatingFunctionTest.java:28: error: package org.junit does not exist
import org.junit.Assert;
                ^
src\test\java\org\apache\commons\math3\analysis\interpolation\BicubicInterpolatingFunctionTest.java:29: error: package org.junit does not exist
import org.junit.Test;
                ^
src\test\java\org\apache\commons\math3\analysis\interpolation\BicubicInterpolatorTest.java:25: error: package org.junit does not exist
import org.junit.Assert;
                ^
src\test\java\org\apache\commons\math3\analysis\interpolation\BicubicInterpolatorTest.java:26: error: package org.junit does not exist
import org.junit.Test;
                ^
src\test\java\org\apache\commons\math3\analysis\interpolation\BicubicSplineInterpolatingFunctionTest.java:26: error: package org.junit does not exist
import org.junit.Assert;
                ^
src\test\java\org\apache\commons\math3\analysis\interpolation\BicubicSplineInterpolatingFunctionTest.java:27: error: package org.junit does not exist
import org.junit.Test;
                ^
src\test\java\org\apache\commons\math3\analysis\interpolation\BicubicSplineInterpolatingFunctionTest.java:28: error: package org.junit does not exist
import org.junit.Ignore;
                ^
src\test\java\org\apache\commons\math3\analysis\interpolation\BicubicSplineInterpolatorTest.java:25: error: package org.junit does not exist
import org.junit.Assert;
                ^
src\test\java\org\apache\commons\math3\analysis\interpolation\BicubicSplineInterpolatorTest.java:26: error: package org.junit does not exist
import org.junit.Test;
                ^
src\test\java\org\apache\commons\math3\analysis\interpolation\DividedDifferenceInterpolatorTest.java:24: error: package org.junit does not exist
import org.junit.Assert;
                ^
src\test\java\org\apache\commons\math3\analysis\interpolation\DividedDifferenceInterpolatorTest.java:25: error: package org.junit does not exist
import org.junit.Test;
                ^
src\test\java\org\apache\commons\math3\analysis\interpolation\FieldHermiteInterpolatorTest.java:27: error: package org.junit does not exist
import org.junit.Assert;
                ^
src\test\java\org\apache\commons\math3\analysis\interpolation\FieldHermiteInterpolatorTest.java:28: error: package org.junit does not exist
import org.junit.Test;
                ^
src\test\java\org\apache\commons\math3\analysis\interpolation\HermiteInterpolatorTest.java:25: error: package org.junit does not exist
import org.junit.Assert;
                ^
src\test\java\org\apache\commons\math3\analysis\interpolation\HermiteInterpolatorTest.java:26: error: package org.junit does not exist
import org.junit.Test;
                ^
src\test\java\org\apache\commons\math3\analysis\interpolation\LinearInterpolatorTest.java:26: error: package org.junit does not exist
import org.junit.Assert;
                ^
src\test\java\org\apache\commons\math3\analysis\interpolation\LinearInterpolatorTest.java:27: error: package org.junit does not exist
import org.junit.Test;
                ^
src\test\java\org\apache\commons\math3\analysis\interpolation\LoessInterpolatorTest.java:27: error: package org.junit does not exist
import org.junit.Assert;
                ^
