# JRE version: OpenJDK Runtime Environment (11.0.6+10) (build 11.0.6+10)
# Java VM: OpenJDK 64-Bit Server VM (11.0.6+10, mixed mode, tiered, compressed oops, g1 gc, windows-amd64)
Heap:
 garbage-first heap   total 131072K, used 86523K [0x00000000e0000000, 0x0000000100000000)
  region size 1024K, 70 young (71680K), 6 survivors (6144K)
 Metaspace       used 23539K, capacity 23976K, committed 24320K, reserved 1071104K
  class space    used 2550K, capacity 2712K, committed 2816K, reserved 1048576K
GC Heap History (7 events):
Event: 6.145 GC heap before
{Heap before GC invocations=0 (full 0):
 garbage-first heap   total 131072K, used 28672K [0x00000000e0000000, 0x0000000100000000)
  region size 1024K, 24 young (24576K), 0 survivors (0K)
 Metaspace       used 9378K, capacity 9603K, committed 9728K, reserved 1058816K
  class space    used 917K, capacity 990K, committed 1024K, reserved 1048576K
}
Event: 6.547 GC heap after
{Heap after GC invocations=1 (full 0):
 garbage-first heap   total 131072K, used 16489K [0x00000000e0000000, 0x0000000100000000)
  region size 1024K, 3 young (3072K), 3 survivors (3072K)
 Metaspace       used 9378K, capacity 9603K, committed 9728K, reserved 1058816K
  class space    used 917K, capacity 990K, committed 1024K, reserved 1048576K
}
Event: 8.620 GC heap before
{Heap before GC invocations=1 (full 0):
 garbage-first heap   total 131072K, used 31849K [0x00000000e0000000, 0x0000000100000000)
  region size 1024K, 19 young (19456K), 3 survivors (3072K)
 Metaspace       used 14369K, capacity 14675K, committed 14720K, reserved 1062912K
  class space    used 1551K, capacity 1658K, committed 1664K, reserved 1048576K
}
Event: 8.730 GC heap after
{Heap after GC invocations=2 (full 0):
 garbage-first heap   total 131072K, used 17878K [0x00000000e0000000, 0x0000000100000000)
  region size 1024K, 2 young (2048K), 2 survivors (2048K)
 Metaspace       used 14369K, capacity 14675K, committed 14720K, reserved 1062912K
  class space    used 1551K, capacity 1658K, committed 1664K, reserved 1048576K
}
Event: 9.959 GC heap before
{Heap before GC invocations=2 (full 0):
 garbage-first heap   total 131072K, used 46550K [0x00000000e0000000, 0x0000000100000000)
  region size 1024K, 29 young (29696K), 2 survivors (2048K)
 Metaspace       used 20838K, capacity 21207K, committed 21248K, reserved 1069056K
  class space    used 2167K, capacity 2300K, committed 2304K, reserved 1048576K
}
Event: 9.970 GC heap after
{Heap after GC invocations=3 (full 0):
 garbage-first heap   total 131072K, used 20987K [0x00000000e0000000, 0x0000000100000000)
  region size 1024K, 5 young (5120K), 5 survivors (5120K)
 Metaspace       used 20838K, capacity 21207K, committed 21248K, reserved 1069056K
  class space    used 2167K, capacity 2300K, committed 2304K, reserved 1048576K
}
Event: 12.298 GC heap before
{Heap before GC invocations=4 (full 0):
 garbage-first heap   total 131072K, used 85499K [0x00000000e0000000, 0x0000000100000000)
  region size 1024K, 69 young (70656K), 5 survivors (5120K)
 Metaspace       used 23539K, capacity 23976K, committed 24320K, reserved 1071104K
  class space    used 2550K, capacity 2712K, committed 2816K, reserved 1048576K
}

